<?xml version="1.0" encoding="UTF-8"?>
<!-- Generated by org.testng.reporters.JUnitXMLReporter -->
<testsuite ignored="0" hostname="DESKTOP-KF5GCE4" failures="0" tests="1" name="Edge Test" time="0.042" errors="0" timestamp="2024-03-17T23:26:47 EDT">
  <testcase classname="testBase.BaseClass" name="@BeforeClass setup" time="0.011">
    <failure type="java.io.FileNotFoundException" message="\opencart\src\test\resources\config.properties (The system cannot find the path specified)">
      <![CDATA[java.io.FileNotFoundException: \opencart\src\test\resources\config.properties (The system cannot find the path specified)
at java.base/java.io.FileInputStream.open0(Native Method)
at java.base/java.io.FileInputStream.open(FileInputStream.java:213)
at java.base/java.io.FileInputStream.<init>(FileInputStream.java:152)
at java.base/java.io.FileInputStream.<init>(FileInputStream.java:106)
at java.base/java.io.FileReader.<init>(FileReader.java:60)
at testBase.BaseClass.setup(BaseClass.java:30)
at java.base/java.util.ArrayList.forEach(ArrayList.java:1596)
... Removed 23 stack frames]]>
    </failure>
  </testcase> <!-- @BeforeClass setup -->
  <testcase classname="testBase.BaseClass" name="@AfterClass shutdown" time="0.0">
    <skipped/>
  </testcase> <!-- @AfterClass shutdown -->
  <testcase classname="testCases.TC_001_BISAccountRegistration" name="registration" time="0.0">
    <skipped/>
  </testcase> <!-- registration -->
</testsuite> <!-- Edge Test -->
