<?xml version="1.0" encoding="UTF-8"?>
<!-- Generated by org.testng.reporters.JUnitXMLReporter -->
<testsuite ignored="0" hostname="DESKTOP-KF5GCE4" failures="0" tests="8" name="Test" time="93.434" errors="0" timestamp="2024-03-19T16:15:07 EDT">
  <testcase classname="testCases.TC_002_BISLogin" name="login" time="4.407"/>
  <testcase classname="testCases.TC_002_BISLogin" name="verifyHomepage" time="5.068"/>
  <testcase classname="testCases.TC_002_BISLogin" name="logout" time="2.634"/>
  <testcase classname="testCases.TC_003_LoginValidation" name="loginValidation" time="14.246"/>
  <testcase classname="testCases.TC_003_LoginValidation" name="loginValidation" time="7.54"/>
  <testcase classname="testCases.TC_003_LoginValidation" name="loginValidation" time="13.859"/>
  <testcase classname="testCases.TC_003_LoginValidation" name="loginValidation" time="13.966"/>
  <testcase classname="testCases.TC_003_LoginValidation" name="loginValidation" time="13.962"/>
</testsuite> <!-- Test -->
